\BOOKMARK [0][-]{chapter.1}{\376\377\0001\000\040\000I\000n\000d\000e\000k\000s\000\040\000p\000l\000i\000k\000\363\000w}{}% 1
\BOOKMARK [1][-]{section.1.1}{\376\377\0001\000.\0001\000\040\000L\000i\000s\000t\000a\000\040\000p\000l\000i\000k\000\363\000w}{chapter.1}% 2
\BOOKMARK [0][-]{chapter.2}{\376\377\0002\000\040\000D\000o\000k\000u\000m\000e\000n\000t\000a\000c\000j\000a\000\040\000p\000l\000i\000k\000\363\000w}{}% 3
\BOOKMARK [1][-]{section.2.1}{\376\377\0002\000.\0001\000\040\000D\000o\000k\000u\000m\000e\000n\000t\000a\000c\000j\000a\000\040\000p\000l\000i\000k\000u\000\040\000f\000u\000n\000k\000c\000j\000e\000.\000c\000p\000p}{chapter.2}% 4
\BOOKMARK [2][-]{subsection.2.1.1}{\376\377\0002\000.\0001\000.\0001\000\040\000O\000p\000i\000s\000\040\000s\000z\000c\000z\000e\000g\000\363\001\102\000o\000w\000y}{section.2.1}% 5
\BOOKMARK [2][-]{subsection.2.1.2}{\376\377\0002\000.\0001\000.\0002\000\040\000D\000o\000k\000u\000m\000e\000n\000t\000a\000c\000j\000a\000\040\000f\000u\000n\000k\000c\000j\000i}{section.2.1}% 6
\BOOKMARK [3][-]{subsubsection.2.1.2.1}{\376\377\0002\000.\0001\000.\0002\000.\0001\000\040\000c\000z\000y\000\137\000n\000o\000w\000y\000\137\000c\000y\000k\000l\000\050\000\051}{subsection.2.1.2}% 7
\BOOKMARK [3][-]{subsubsection.2.1.2.2}{\376\377\0002\000.\0001\000.\0002\000.\0002\000\040\000c\000z\000y\000t\000a\000j\000\137\000g\000r\000a\000f\000\050\000\051}{subsection.2.1.2}% 8
\BOOKMARK [3][-]{subsubsection.2.1.2.3}{\376\377\0002\000.\0001\000.\0002\000.\0003\000\040\000i\000s\000n\000u\000m\000b\000e\000r\000\050\000\051}{subsection.2.1.2}% 9
\BOOKMARK [3][-]{subsubsection.2.1.2.4}{\376\377\0002\000.\0001\000.\0002\000.\0004\000\040\000p\000o\000d\000s\000z\000u\000k\000a\000n\000i\000e\000\050\000\051}{subsection.2.1.2}% 10
\BOOKMARK [3][-]{subsubsection.2.1.2.5}{\376\377\0002\000.\0001\000.\0002\000.\0005\000\040\000p\000o\000r\000o\000w\000n\000a\000j\000\050\000\051}{subsection.2.1.2}% 11
\BOOKMARK [3][-]{subsubsection.2.1.2.6}{\376\377\0002\000.\0001\000.\0002\000.\0006\000\040\000s\000z\000u\000k\000a\000j\000\137\000c\000y\000k\000l\000o\000w\000\050\000\051}{subsection.2.1.2}% 12
\BOOKMARK [3][-]{subsubsection.2.1.2.7}{\376\377\0002\000.\0001\000.\0002\000.\0007\000\040\000w\000y\000p\000i\000s\000z\000\137\000g\000r\000a\000f\000\050\000\051}{subsection.2.1.2}% 13
\BOOKMARK [3][-]{subsubsection.2.1.2.8}{\376\377\0002\000.\0001\000.\0002\000.\0008\000\040\000w\000y\000s\000w\000i\000e\000t\000l\000\137\000c\000y\000k\000l\000e\000\050\000\051}{subsection.2.1.2}% 14
\BOOKMARK [3][-]{subsubsection.2.1.2.9}{\376\377\0002\000.\0001\000.\0002\000.\0009\000\040\000z\000a\000p\000i\000s\000z\000\137\000c\000y\000k\000l\000e\000\050\000\051}{subsection.2.1.2}% 15
\BOOKMARK [1][-]{section.2.2}{\376\377\0002\000.\0002\000\040\000D\000o\000k\000u\000m\000e\000n\000t\000a\000c\000j\000a\000\040\000p\000l\000i\000k\000u\000\040\000f\000u\000n\000k\000c\000j\000e\000.\000h}{chapter.2}% 16
\BOOKMARK [2][-]{subsection.2.2.1}{\376\377\0002\000.\0002\000.\0001\000\040\000O\000p\000i\000s\000\040\000s\000z\000c\000z\000e\000g\000\363\001\102\000o\000w\000y}{section.2.2}% 17
\BOOKMARK [2][-]{subsection.2.2.2}{\376\377\0002\000.\0002\000.\0002\000\040\000D\000o\000k\000u\000m\000e\000n\000t\000a\000c\000j\000a\000\040\000f\000u\000n\000k\000c\000j\000i}{section.2.2}% 18
\BOOKMARK [3][-]{subsubsection.2.2.2.1}{\376\377\0002\000.\0002\000.\0002\000.\0001\000\040\000c\000z\000y\000\137\000n\000o\000w\000y\000\137\000c\000y\000k\000l\000\050\000\051}{subsection.2.2.2}% 19
\BOOKMARK [3][-]{subsubsection.2.2.2.2}{\376\377\0002\000.\0002\000.\0002\000.\0002\000\040\000c\000z\000y\000t\000a\000j\000\137\000g\000r\000a\000f\000\050\000\051}{subsection.2.2.2}% 20
\BOOKMARK [3][-]{subsubsection.2.2.2.3}{\376\377\0002\000.\0002\000.\0002\000.\0003\000\040\000i\000s\000n\000u\000m\000b\000e\000r\000\050\000\051}{subsection.2.2.2}% 21
\BOOKMARK [3][-]{subsubsection.2.2.2.4}{\376\377\0002\000.\0002\000.\0002\000.\0004\000\040\000p\000o\000d\000s\000z\000u\000k\000a\000n\000i\000e\000\050\000\051}{subsection.2.2.2}% 22
\BOOKMARK [3][-]{subsubsection.2.2.2.5}{\376\377\0002\000.\0002\000.\0002\000.\0005\000\040\000p\000o\000r\000o\000w\000n\000a\000j\000\050\000\051}{subsection.2.2.2}% 23
\BOOKMARK [3][-]{subsubsection.2.2.2.6}{\376\377\0002\000.\0002\000.\0002\000.\0006\000\040\000s\000z\000u\000k\000a\000j\000\137\000c\000y\000k\000l\000o\000w\000\050\000\051}{subsection.2.2.2}% 24
\BOOKMARK [3][-]{subsubsection.2.2.2.7}{\376\377\0002\000.\0002\000.\0002\000.\0007\000\040\000w\000y\000p\000i\000s\000z\000\137\000g\000r\000a\000f\000\050\000\051}{subsection.2.2.2}% 25
\BOOKMARK [3][-]{subsubsection.2.2.2.8}{\376\377\0002\000.\0002\000.\0002\000.\0008\000\040\000w\000y\000s\000w\000i\000e\000t\000l\000\137\000c\000y\000k\000l\000e\000\050\000\051}{subsection.2.2.2}% 26
\BOOKMARK [3][-]{subsubsection.2.2.2.9}{\376\377\0002\000.\0002\000.\0002\000.\0009\000\040\000z\000a\000p\000i\000s\000z\000\137\000c\000y\000k\000l\000e\000\050\000\051}{subsection.2.2.2}% 27
\BOOKMARK [1][-]{section.2.3}{\376\377\0002\000.\0003\000\040\000f\000u\000n\000k\000c\000j\000e\000.\000h}{chapter.2}% 28
\BOOKMARK [1][-]{section.2.4}{\376\377\0002\000.\0004\000\040\000D\000o\000k\000u\000m\000e\000n\000t\000a\000c\000j\000a\000\040\000p\000l\000i\000k\000u\000\040\000m\000a\000i\000n\000.\000c\000p\000p}{chapter.2}% 29
\BOOKMARK [2][-]{subsection.2.4.1}{\376\377\0002\000.\0004\000.\0001\000\040\000O\000p\000i\000s\000\040\000s\000z\000c\000z\000e\000g\000\363\001\102\000o\000w\000y}{section.2.4}% 30
\BOOKMARK [0][-]{section*.5}{\376\377\000S\000k\000o\000r\000o\000w\000i\000d\000z}{}% 31
